Terminals unused in grammar

   READ_T
   IN_T
   DO_T
   whitespace
   linefeed
   DIGITO
   LETRA
   COMILLA_D
   COMILLA_A
   COMILLA_C


Gramática

    0 $accept: programa_final $end

    1 programa_final: programa

    2 programa: sentencia

    3 sentencia: sentencia grammar SEP_LINEA
    4          | grammar SEP_LINEA
    5          | sentencia grammar
    6          | grammar
    7          | declaracion
    8          | sentencia declaracion

    9 sentenciaCuerpo: sentenciaCuerpo grammar SEP_LINEA
   10                | grammar SEP_LINEA
   11                | sentenciaCuerpo grammar
   12                | grammar

   13 grammar: asig
   14        | while
   15        | display
   16        | get
   17        | if

   18 asig: ID_T OP_ASIG expr
   19     | ID_T OP_ASIG const_string_r

   20 while: WHILE_T cond_final sentenciaCuerpo ENDWHILE

   21 if: IF_T cond_final sentenciaCuerpo ENDIF

   22 $@1: /* vacío */

   23 $@2: /* vacío */

   24 if: IF_T cond_final sentenciaCuerpo $@1 ELSE_T sentenciaCuerpo ENDIF $@2

   25 display: DISPLAY const_string_r
   26        | DISPLAY expr

   27 get: GET ID_T

   28 const_string_r: CONST_STRING

   29 numero: CONST_INT
   30       | CONST_FLOAT

   31 cond_final: PARENT_A cond_final AND_T cond_final PARENT_C

   32 $@3: /* vacío */

   33 cond_final: PARENT_A cond AND_T $@3 cond PARENT_C

   34 $@4: /* vacío */

   35 cond_final: PARENT_A cond OR_T $@4 cond PARENT_C
   36           | PARENT_A cond PARENT_C
   37           | NOT_T cond_final
   38           | PARENT_A cond_final PARENT_C

   39 cond: expr OP_DISTINTO termino
   40     | expr OP_IGUAL termino
   41     | expr OP_MAYOR termino
   42     | expr OP_MAYORIGUAL termino
   43     | expr OP_MENOR termino
   44     | expr OP_MENORIGUAL termino
   45     | expr OR_T termino
   46     | expr AND_T termino
   47     | expr NOT_T termino

   48 expr: expr OP_SUM termino
   49     | expr OP_MENOS termino
   50     | termino

   51 termino: termino OP_MUL factor
   52        | termino OP_DIVISION factor
   53        | '-' termino
   54        | factor

   55 factor: PARENT_A expr PARENT_C
   56       | numero
   57       | ID_T

   58 declaracion: DIM OP_MENOR dupla_asig OP_MAYOR

   59 dupla_asig: ID_T COMA dupla_asig COMA tipo
   60           | ID_T OP_MAYOR AS OP_MENOR tipo

   61 tipo: FLOAT_T
   62     | INT_T
   63     | STRING
   64     | CHAR


Terminales con las reglas donde aparecen

$end (0) 0
'-' (45) 53
error (256)
WHILE_T (258) 20
ENDWHILE (259) 20
DISPLAY (260) 25 26
GET (261) 27
READ_T (262)
FLOAT_T (263) 61
INT_T (264) 62
CHAR (265) 64
IN_T (266)
DO_T (267)
AS (268) 60
STRING (269) 63
whitespace (270)
linefeed (271)
DIGITO (272)
LETRA (273)
COMILLA_D (274)
COMILLA_A (275)
COMILLA_C (276)
CONST_INT (277) 29
CONST_FLOAT (278) 30
CONST_STRING (279) 28
ELSE_T (280) 24
IF_T (281) 21 24
ENDIF (282) 21 24
DIM (283) 58
ID_T (284) 18 19 27 57 59 60
OP_MENOS (285) 49
OP_SUM (286) 48
OP_DIVISION (287) 52
OP_MUL (288) 51
MENOS_UNARIO (289)
OP_ASIG (290) 18 19
OP_DISTINTO (291) 39
OP_IGUAL (292) 40
OP_MAYORIGUAL (293) 42
OP_MAYOR (294) 41 58 60
OP_MENOR (295) 43 58 60
OP_MENORIGUAL (296) 44
OR_T (297) 35 45
AND_T (298) 31 33 46
NOT_T (299) 37 47
PARENT_C (300) 31 33 35 36 38 55
PARENT_A (301) 31 33 35 36 38 55
COMA (302) 59
SEP_LINEA (303) 3 4 9 10


No terminales con las reglas donde aparecen

$accept (50)
    en la izquierda: 0
programa_final (51)
    en la izquierda: 1, en la derecha: 0
programa (52)
    en la izquierda: 2, en la derecha: 1
sentencia (53)
    en la izquierda: 3 4 5 6 7 8, en la derecha: 2 3 5 8
sentenciaCuerpo (54)
    en la izquierda: 9 10 11 12, en la derecha: 9 11 20 21 24
grammar (55)
    en la izquierda: 13 14 15 16 17, en la derecha: 3 4 5 6 9 10 11
    12
asig (56)
    en la izquierda: 18 19, en la derecha: 13
while (57)
    en la izquierda: 20, en la derecha: 14
if (58)
    en la izquierda: 21 24, en la derecha: 17
$@1 (59)
    en la izquierda: 22, en la derecha: 24
$@2 (60)
    en la izquierda: 23, en la derecha: 24
display (61)
    en la izquierda: 25 26, en la derecha: 15
get (62)
    en la izquierda: 27, en la derecha: 16
const_string_r (63)
    en la izquierda: 28, en la derecha: 19 25
numero (64)
    en la izquierda: 29 30, en la derecha: 56
cond_final (65)
    en la izquierda: 31 33 35 36 37 38, en la derecha: 20 21 24 31
    37 38
$@3 (66)
    en la izquierda: 32, en la derecha: 33
$@4 (67)
    en la izquierda: 34, en la derecha: 35
cond (68)
    en la izquierda: 39 40 41 42 43 44 45 46 47, en la derecha: 33
    35 36
expr (69)
    en la izquierda: 48 49 50, en la derecha: 18 26 39 40 41 42 43
    44 45 46 47 48 49 55
termino (70)
    en la izquierda: 51 52 53 54, en la derecha: 39 40 41 42 43 44
    45 46 47 48 49 50 51 52 53
factor (71)
    en la izquierda: 55 56 57, en la derecha: 51 52 54
declaracion (72)
    en la izquierda: 58, en la derecha: 7 8
dupla_asig (73)
    en la izquierda: 59 60, en la derecha: 58 59
tipo (74)
    en la izquierda: 61 62 63 64, en la derecha: 59 60


estado 0

    0 $accept: . programa_final $end

    WHILE_T  desplazar e ir al estado 1
    DISPLAY  desplazar e ir al estado 2
    GET      desplazar e ir al estado 3
    IF_T     desplazar e ir al estado 4
    DIM      desplazar e ir al estado 5
    ID_T     desplazar e ir al estado 6

    programa_final  ir al estado 7
    programa        ir al estado 8
    sentencia       ir al estado 9
    grammar         ir al estado 10
    asig            ir al estado 11
    while           ir al estado 12
    if              ir al estado 13
    display         ir al estado 14
    get             ir al estado 15
    declaracion     ir al estado 16


estado 1

   20 while: WHILE_T . cond_final sentenciaCuerpo ENDWHILE

    NOT_T     desplazar e ir al estado 17
    PARENT_A  desplazar e ir al estado 18

    cond_final  ir al estado 19


estado 2

   25 display: DISPLAY . const_string_r
   26        | DISPLAY . expr

    CONST_INT     desplazar e ir al estado 20
    CONST_FLOAT   desplazar e ir al estado 21
    CONST_STRING  desplazar e ir al estado 22
    ID_T          desplazar e ir al estado 23
    PARENT_A      desplazar e ir al estado 24
    '-'           desplazar e ir al estado 25

    const_string_r  ir al estado 26
    numero          ir al estado 27
    expr            ir al estado 28
    termino         ir al estado 29
    factor          ir al estado 30


estado 3

   27 get: GET . ID_T

    ID_T  desplazar e ir al estado 31


estado 4

   21 if: IF_T . cond_final sentenciaCuerpo ENDIF
   24   | IF_T . cond_final sentenciaCuerpo $@1 ELSE_T sentenciaCuerpo ENDIF $@2

    NOT_T     desplazar e ir al estado 17
    PARENT_A  desplazar e ir al estado 18

    cond_final  ir al estado 32


estado 5

   58 declaracion: DIM . OP_MENOR dupla_asig OP_MAYOR

    OP_MENOR  desplazar e ir al estado 33


estado 6

   18 asig: ID_T . OP_ASIG expr
   19     | ID_T . OP_ASIG const_string_r

    OP_ASIG  desplazar e ir al estado 34


estado 7

    0 $accept: programa_final . $end

    $end  desplazar e ir al estado 35


estado 8

    1 programa_final: programa .

    $default  reduce usando la regla 1 (programa_final)


estado 9

    2 programa: sentencia .
    3 sentencia: sentencia . grammar SEP_LINEA
    5          | sentencia . grammar
    8          | sentencia . declaracion

    WHILE_T  desplazar e ir al estado 1
    DISPLAY  desplazar e ir al estado 2
    GET      desplazar e ir al estado 3
    IF_T     desplazar e ir al estado 4
    DIM      desplazar e ir al estado 5
    ID_T     desplazar e ir al estado 6

    $default  reduce usando la regla 2 (programa)

    grammar      ir al estado 36
    asig         ir al estado 11
    while        ir al estado 12
    if           ir al estado 13
    display      ir al estado 14
    get          ir al estado 15
    declaracion  ir al estado 37


estado 10

    4 sentencia: grammar . SEP_LINEA
    6          | grammar .

    SEP_LINEA  desplazar e ir al estado 38

    $default  reduce usando la regla 6 (sentencia)


estado 11

   13 grammar: asig .

    $default  reduce usando la regla 13 (grammar)


estado 12

   14 grammar: while .

    $default  reduce usando la regla 14 (grammar)


estado 13

   17 grammar: if .

    $default  reduce usando la regla 17 (grammar)


estado 14

   15 grammar: display .

    $default  reduce usando la regla 15 (grammar)


estado 15

   16 grammar: get .

    $default  reduce usando la regla 16 (grammar)


estado 16

    7 sentencia: declaracion .

    $default  reduce usando la regla 7 (sentencia)


estado 17

   37 cond_final: NOT_T . cond_final

    NOT_T     desplazar e ir al estado 17
    PARENT_A  desplazar e ir al estado 18

    cond_final  ir al estado 39


estado 18

   31 cond_final: PARENT_A . cond_final AND_T cond_final PARENT_C
   33           | PARENT_A . cond AND_T $@3 cond PARENT_C
   35           | PARENT_A . cond OR_T $@4 cond PARENT_C
   36           | PARENT_A . cond PARENT_C
   38           | PARENT_A . cond_final PARENT_C

    CONST_INT    desplazar e ir al estado 20
    CONST_FLOAT  desplazar e ir al estado 21
    ID_T         desplazar e ir al estado 23
    NOT_T        desplazar e ir al estado 17
    PARENT_A     desplazar e ir al estado 40
    '-'          desplazar e ir al estado 25

    numero      ir al estado 27
    cond_final  ir al estado 41
    cond        ir al estado 42
    expr        ir al estado 43
    termino     ir al estado 29
    factor      ir al estado 30


estado 19

   20 while: WHILE_T cond_final . sentenciaCuerpo ENDWHILE

    WHILE_T  desplazar e ir al estado 1
    DISPLAY  desplazar e ir al estado 2
    GET      desplazar e ir al estado 3
    IF_T     desplazar e ir al estado 4
    ID_T     desplazar e ir al estado 6

    sentenciaCuerpo  ir al estado 44
    grammar          ir al estado 45
    asig             ir al estado 11
    while            ir al estado 12
    if               ir al estado 13
    display          ir al estado 14
    get              ir al estado 15


estado 20

   29 numero: CONST_INT .

    $default  reduce usando la regla 29 (numero)


estado 21

   30 numero: CONST_FLOAT .

    $default  reduce usando la regla 30 (numero)


estado 22

   28 const_string_r: CONST_STRING .

    $default  reduce usando la regla 28 (const_string_r)


estado 23

   57 factor: ID_T .

    $default  reduce usando la regla 57 (factor)


estado 24

   55 factor: PARENT_A . expr PARENT_C

    CONST_INT    desplazar e ir al estado 20
    CONST_FLOAT  desplazar e ir al estado 21
    ID_T         desplazar e ir al estado 23
    PARENT_A     desplazar e ir al estado 24
    '-'          desplazar e ir al estado 25

    numero   ir al estado 27
    expr     ir al estado 46
    termino  ir al estado 29
    factor   ir al estado 30


estado 25

   53 termino: '-' . termino

    CONST_INT    desplazar e ir al estado 20
    CONST_FLOAT  desplazar e ir al estado 21
    ID_T         desplazar e ir al estado 23
    PARENT_A     desplazar e ir al estado 24
    '-'          desplazar e ir al estado 25

    numero   ir al estado 27
    termino  ir al estado 47
    factor   ir al estado 30


estado 26

   25 display: DISPLAY const_string_r .

    $default  reduce usando la regla 25 (display)


estado 27

   56 factor: numero .

    $default  reduce usando la regla 56 (factor)


estado 28

   26 display: DISPLAY expr .
   48 expr: expr . OP_SUM termino
   49     | expr . OP_MENOS termino

    OP_MENOS  desplazar e ir al estado 48
    OP_SUM    desplazar e ir al estado 49

    $default  reduce usando la regla 26 (display)


estado 29

   50 expr: termino .
   51 termino: termino . OP_MUL factor
   52        | termino . OP_DIVISION factor

    OP_DIVISION  desplazar e ir al estado 50
    OP_MUL       desplazar e ir al estado 51

    $default  reduce usando la regla 50 (expr)


estado 30

   54 termino: factor .

    $default  reduce usando la regla 54 (termino)


estado 31

   27 get: GET ID_T .

    $default  reduce usando la regla 27 (get)


estado 32

   21 if: IF_T cond_final . sentenciaCuerpo ENDIF
   24   | IF_T cond_final . sentenciaCuerpo $@1 ELSE_T sentenciaCuerpo ENDIF $@2

    WHILE_T  desplazar e ir al estado 1
    DISPLAY  desplazar e ir al estado 2
    GET      desplazar e ir al estado 3
    IF_T     desplazar e ir al estado 4
    ID_T     desplazar e ir al estado 6

    sentenciaCuerpo  ir al estado 52
    grammar          ir al estado 45
    asig             ir al estado 11
    while            ir al estado 12
    if               ir al estado 13
    display          ir al estado 14
    get              ir al estado 15


estado 33

   58 declaracion: DIM OP_MENOR . dupla_asig OP_MAYOR

    ID_T  desplazar e ir al estado 53

    dupla_asig  ir al estado 54


estado 34

   18 asig: ID_T OP_ASIG . expr
   19     | ID_T OP_ASIG . const_string_r

    CONST_INT     desplazar e ir al estado 20
    CONST_FLOAT   desplazar e ir al estado 21
    CONST_STRING  desplazar e ir al estado 22
    ID_T          desplazar e ir al estado 23
    PARENT_A      desplazar e ir al estado 24
    '-'           desplazar e ir al estado 25

    const_string_r  ir al estado 55
    numero          ir al estado 27
    expr            ir al estado 56
    termino         ir al estado 29
    factor          ir al estado 30


estado 35

    0 $accept: programa_final $end .

    $default  aceptar


estado 36

    3 sentencia: sentencia grammar . SEP_LINEA
    5          | sentencia grammar .

    SEP_LINEA  desplazar e ir al estado 57

    $default  reduce usando la regla 5 (sentencia)


estado 37

    8 sentencia: sentencia declaracion .

    $default  reduce usando la regla 8 (sentencia)


estado 38

    4 sentencia: grammar SEP_LINEA .

    $default  reduce usando la regla 4 (sentencia)


estado 39

   37 cond_final: NOT_T cond_final .

    $default  reduce usando la regla 37 (cond_final)


estado 40

   31 cond_final: PARENT_A . cond_final AND_T cond_final PARENT_C
   33           | PARENT_A . cond AND_T $@3 cond PARENT_C
   35           | PARENT_A . cond OR_T $@4 cond PARENT_C
   36           | PARENT_A . cond PARENT_C
   38           | PARENT_A . cond_final PARENT_C
   55 factor: PARENT_A . expr PARENT_C

    CONST_INT    desplazar e ir al estado 20
    CONST_FLOAT  desplazar e ir al estado 21
    ID_T         desplazar e ir al estado 23
    NOT_T        desplazar e ir al estado 17
    PARENT_A     desplazar e ir al estado 40
    '-'          desplazar e ir al estado 25

    numero      ir al estado 27
    cond_final  ir al estado 41
    cond        ir al estado 42
    expr        ir al estado 58
    termino     ir al estado 29
    factor      ir al estado 30


estado 41

   31 cond_final: PARENT_A cond_final . AND_T cond_final PARENT_C
   38           | PARENT_A cond_final . PARENT_C

    AND_T     desplazar e ir al estado 59
    PARENT_C  desplazar e ir al estado 60


estado 42

   33 cond_final: PARENT_A cond . AND_T $@3 cond PARENT_C
   35           | PARENT_A cond . OR_T $@4 cond PARENT_C
   36           | PARENT_A cond . PARENT_C

    OR_T      desplazar e ir al estado 61
    AND_T     desplazar e ir al estado 62
    PARENT_C  desplazar e ir al estado 63


estado 43

   39 cond: expr . OP_DISTINTO termino
   40     | expr . OP_IGUAL termino
   41     | expr . OP_MAYOR termino
   42     | expr . OP_MAYORIGUAL termino
   43     | expr . OP_MENOR termino
   44     | expr . OP_MENORIGUAL termino
   45     | expr . OR_T termino
   46     | expr . AND_T termino
   47     | expr . NOT_T termino
   48 expr: expr . OP_SUM termino
   49     | expr . OP_MENOS termino

    OP_MENOS       desplazar e ir al estado 48
    OP_SUM         desplazar e ir al estado 49
    OP_DISTINTO    desplazar e ir al estado 64
    OP_IGUAL       desplazar e ir al estado 65
    OP_MAYORIGUAL  desplazar e ir al estado 66
    OP_MAYOR       desplazar e ir al estado 67
    OP_MENOR       desplazar e ir al estado 68
    OP_MENORIGUAL  desplazar e ir al estado 69
    OR_T           desplazar e ir al estado 70
    AND_T          desplazar e ir al estado 71
    NOT_T          desplazar e ir al estado 72


estado 44

    9 sentenciaCuerpo: sentenciaCuerpo . grammar SEP_LINEA
   11                | sentenciaCuerpo . grammar
   20 while: WHILE_T cond_final sentenciaCuerpo . ENDWHILE

    WHILE_T   desplazar e ir al estado 1
    ENDWHILE  desplazar e ir al estado 73
    DISPLAY   desplazar e ir al estado 2
    GET       desplazar e ir al estado 3
    IF_T      desplazar e ir al estado 4
    ID_T      desplazar e ir al estado 6

    grammar  ir al estado 74
    asig     ir al estado 11
    while    ir al estado 12
    if       ir al estado 13
    display  ir al estado 14
    get      ir al estado 15


estado 45

   10 sentenciaCuerpo: grammar . SEP_LINEA
   12                | grammar .

    SEP_LINEA  desplazar e ir al estado 75

    $default  reduce usando la regla 12 (sentenciaCuerpo)


estado 46

   48 expr: expr . OP_SUM termino
   49     | expr . OP_MENOS termino
   55 factor: PARENT_A expr . PARENT_C

    OP_MENOS  desplazar e ir al estado 48
    OP_SUM    desplazar e ir al estado 49
    PARENT_C  desplazar e ir al estado 76


estado 47

   51 termino: termino . OP_MUL factor
   52        | termino . OP_DIVISION factor
   53        | '-' termino .

    $default  reduce usando la regla 53 (termino)


estado 48

   49 expr: expr OP_MENOS . termino

    CONST_INT    desplazar e ir al estado 20
    CONST_FLOAT  desplazar e ir al estado 21
    ID_T         desplazar e ir al estado 23
    PARENT_A     desplazar e ir al estado 24
    '-'          desplazar e ir al estado 25

    numero   ir al estado 27
    termino  ir al estado 77
    factor   ir al estado 30


estado 49

   48 expr: expr OP_SUM . termino

    CONST_INT    desplazar e ir al estado 20
    CONST_FLOAT  desplazar e ir al estado 21
    ID_T         desplazar e ir al estado 23
    PARENT_A     desplazar e ir al estado 24
    '-'          desplazar e ir al estado 25

    numero   ir al estado 27
    termino  ir al estado 78
    factor   ir al estado 30


estado 50

   52 termino: termino OP_DIVISION . factor

    CONST_INT    desplazar e ir al estado 20
    CONST_FLOAT  desplazar e ir al estado 21
    ID_T         desplazar e ir al estado 23
    PARENT_A     desplazar e ir al estado 24

    numero  ir al estado 27
    factor  ir al estado 79


estado 51

   51 termino: termino OP_MUL . factor

    CONST_INT    desplazar e ir al estado 20
    CONST_FLOAT  desplazar e ir al estado 21
    ID_T         desplazar e ir al estado 23
    PARENT_A     desplazar e ir al estado 24

    numero  ir al estado 27
    factor  ir al estado 80


estado 52

    9 sentenciaCuerpo: sentenciaCuerpo . grammar SEP_LINEA
   11                | sentenciaCuerpo . grammar
   21 if: IF_T cond_final sentenciaCuerpo . ENDIF
   24   | IF_T cond_final sentenciaCuerpo . $@1 ELSE_T sentenciaCuerpo ENDIF $@2

    WHILE_T  desplazar e ir al estado 1
    DISPLAY  desplazar e ir al estado 2
    GET      desplazar e ir al estado 3
    IF_T     desplazar e ir al estado 4
    ENDIF    desplazar e ir al estado 81
    ID_T     desplazar e ir al estado 6

    $default  reduce usando la regla 22 ($@1)

    grammar  ir al estado 74
    asig     ir al estado 11
    while    ir al estado 12
    if       ir al estado 13
    $@1      ir al estado 82
    display  ir al estado 14
    get      ir al estado 15


estado 53

   59 dupla_asig: ID_T . COMA dupla_asig COMA tipo
   60           | ID_T . OP_MAYOR AS OP_MENOR tipo

    OP_MAYOR  desplazar e ir al estado 83
    COMA      desplazar e ir al estado 84


estado 54

   58 declaracion: DIM OP_MENOR dupla_asig . OP_MAYOR

    OP_MAYOR  desplazar e ir al estado 85


estado 55

   19 asig: ID_T OP_ASIG const_string_r .

    $default  reduce usando la regla 19 (asig)


estado 56

   18 asig: ID_T OP_ASIG expr .
   48 expr: expr . OP_SUM termino
   49     | expr . OP_MENOS termino

    OP_MENOS  desplazar e ir al estado 48
    OP_SUM    desplazar e ir al estado 49

    $default  reduce usando la regla 18 (asig)


estado 57

    3 sentencia: sentencia grammar SEP_LINEA .

    $default  reduce usando la regla 3 (sentencia)


estado 58

   39 cond: expr . OP_DISTINTO termino
   40     | expr . OP_IGUAL termino
   41     | expr . OP_MAYOR termino
   42     | expr . OP_MAYORIGUAL termino
   43     | expr . OP_MENOR termino
   44     | expr . OP_MENORIGUAL termino
   45     | expr . OR_T termino
   46     | expr . AND_T termino
   47     | expr . NOT_T termino
   48 expr: expr . OP_SUM termino
   49     | expr . OP_MENOS termino
   55 factor: PARENT_A expr . PARENT_C

    OP_MENOS       desplazar e ir al estado 48
    OP_SUM         desplazar e ir al estado 49
    OP_DISTINTO    desplazar e ir al estado 64
    OP_IGUAL       desplazar e ir al estado 65
    OP_MAYORIGUAL  desplazar e ir al estado 66
    OP_MAYOR       desplazar e ir al estado 67
    OP_MENOR       desplazar e ir al estado 68
    OP_MENORIGUAL  desplazar e ir al estado 69
    OR_T           desplazar e ir al estado 70
    AND_T          desplazar e ir al estado 71
    NOT_T          desplazar e ir al estado 72
    PARENT_C       desplazar e ir al estado 76


estado 59

   31 cond_final: PARENT_A cond_final AND_T . cond_final PARENT_C

    NOT_T     desplazar e ir al estado 17
    PARENT_A  desplazar e ir al estado 18

    cond_final  ir al estado 86


estado 60

   38 cond_final: PARENT_A cond_final PARENT_C .

    $default  reduce usando la regla 38 (cond_final)


estado 61

   35 cond_final: PARENT_A cond OR_T . $@4 cond PARENT_C

    $default  reduce usando la regla 34 ($@4)

    $@4  ir al estado 87


estado 62

   33 cond_final: PARENT_A cond AND_T . $@3 cond PARENT_C

    $default  reduce usando la regla 32 ($@3)

    $@3  ir al estado 88


estado 63

   36 cond_final: PARENT_A cond PARENT_C .

    $default  reduce usando la regla 36 (cond_final)


estado 64

   39 cond: expr OP_DISTINTO . termino

    CONST_INT    desplazar e ir al estado 20
    CONST_FLOAT  desplazar e ir al estado 21
    ID_T         desplazar e ir al estado 23
    PARENT_A     desplazar e ir al estado 24
    '-'          desplazar e ir al estado 25

    numero   ir al estado 27
    termino  ir al estado 89
    factor   ir al estado 30


estado 65

   40 cond: expr OP_IGUAL . termino

    CONST_INT    desplazar e ir al estado 20
    CONST_FLOAT  desplazar e ir al estado 21
    ID_T         desplazar e ir al estado 23
    PARENT_A     desplazar e ir al estado 24
    '-'          desplazar e ir al estado 25

    numero   ir al estado 27
    termino  ir al estado 90
    factor   ir al estado 30


estado 66

   42 cond: expr OP_MAYORIGUAL . termino

    CONST_INT    desplazar e ir al estado 20
    CONST_FLOAT  desplazar e ir al estado 21
    ID_T         desplazar e ir al estado 23
    PARENT_A     desplazar e ir al estado 24
    '-'          desplazar e ir al estado 25

    numero   ir al estado 27
    termino  ir al estado 91
    factor   ir al estado 30


estado 67

   41 cond: expr OP_MAYOR . termino

    CONST_INT    desplazar e ir al estado 20
    CONST_FLOAT  desplazar e ir al estado 21
    ID_T         desplazar e ir al estado 23
    PARENT_A     desplazar e ir al estado 24
    '-'          desplazar e ir al estado 25

    numero   ir al estado 27
    termino  ir al estado 92
    factor   ir al estado 30


estado 68

   43 cond: expr OP_MENOR . termino

    CONST_INT    desplazar e ir al estado 20
    CONST_FLOAT  desplazar e ir al estado 21
    ID_T         desplazar e ir al estado 23
    PARENT_A     desplazar e ir al estado 24
    '-'          desplazar e ir al estado 25

    numero   ir al estado 27
    termino  ir al estado 93
    factor   ir al estado 30


estado 69

   44 cond: expr OP_MENORIGUAL . termino

    CONST_INT    desplazar e ir al estado 20
    CONST_FLOAT  desplazar e ir al estado 21
    ID_T         desplazar e ir al estado 23
    PARENT_A     desplazar e ir al estado 24
    '-'          desplazar e ir al estado 25

    numero   ir al estado 27
    termino  ir al estado 94
    factor   ir al estado 30


estado 70

   45 cond: expr OR_T . termino

    CONST_INT    desplazar e ir al estado 20
    CONST_FLOAT  desplazar e ir al estado 21
    ID_T         desplazar e ir al estado 23
    PARENT_A     desplazar e ir al estado 24
    '-'          desplazar e ir al estado 25

    numero   ir al estado 27
    termino  ir al estado 95
    factor   ir al estado 30


estado 71

   46 cond: expr AND_T . termino

    CONST_INT    desplazar e ir al estado 20
    CONST_FLOAT  desplazar e ir al estado 21
    ID_T         desplazar e ir al estado 23
    PARENT_A     desplazar e ir al estado 24
    '-'          desplazar e ir al estado 25

    numero   ir al estado 27
    termino  ir al estado 96
    factor   ir al estado 30


estado 72

   47 cond: expr NOT_T . termino

    CONST_INT    desplazar e ir al estado 20
    CONST_FLOAT  desplazar e ir al estado 21
    ID_T         desplazar e ir al estado 23
    PARENT_A     desplazar e ir al estado 24
    '-'          desplazar e ir al estado 25

    numero   ir al estado 27
    termino  ir al estado 97
    factor   ir al estado 30


estado 73

   20 while: WHILE_T cond_final sentenciaCuerpo ENDWHILE .

    $default  reduce usando la regla 20 (while)


estado 74

    9 sentenciaCuerpo: sentenciaCuerpo grammar . SEP_LINEA
   11                | sentenciaCuerpo grammar .

    SEP_LINEA  desplazar e ir al estado 98

    $default  reduce usando la regla 11 (sentenciaCuerpo)


estado 75

   10 sentenciaCuerpo: grammar SEP_LINEA .

    $default  reduce usando la regla 10 (sentenciaCuerpo)


estado 76

   55 factor: PARENT_A expr PARENT_C .

    $default  reduce usando la regla 55 (factor)


estado 77

   49 expr: expr OP_MENOS termino .
   51 termino: termino . OP_MUL factor
   52        | termino . OP_DIVISION factor

    OP_DIVISION  desplazar e ir al estado 50
    OP_MUL       desplazar e ir al estado 51

    $default  reduce usando la regla 49 (expr)


estado 78

   48 expr: expr OP_SUM termino .
   51 termino: termino . OP_MUL factor
   52        | termino . OP_DIVISION factor

    OP_DIVISION  desplazar e ir al estado 50
    OP_MUL       desplazar e ir al estado 51

    $default  reduce usando la regla 48 (expr)


estado 79

   52 termino: termino OP_DIVISION factor .

    $default  reduce usando la regla 52 (termino)


estado 80

   51 termino: termino OP_MUL factor .

    $default  reduce usando la regla 51 (termino)


estado 81

   21 if: IF_T cond_final sentenciaCuerpo ENDIF .

    $default  reduce usando la regla 21 (if)


estado 82

   24 if: IF_T cond_final sentenciaCuerpo $@1 . ELSE_T sentenciaCuerpo ENDIF $@2

    ELSE_T  desplazar e ir al estado 99


estado 83

   60 dupla_asig: ID_T OP_MAYOR . AS OP_MENOR tipo

    AS  desplazar e ir al estado 100


estado 84

   59 dupla_asig: ID_T COMA . dupla_asig COMA tipo

    ID_T  desplazar e ir al estado 53

    dupla_asig  ir al estado 101


estado 85

   58 declaracion: DIM OP_MENOR dupla_asig OP_MAYOR .

    $default  reduce usando la regla 58 (declaracion)


estado 86

   31 cond_final: PARENT_A cond_final AND_T cond_final . PARENT_C

    PARENT_C  desplazar e ir al estado 102


estado 87

   35 cond_final: PARENT_A cond OR_T $@4 . cond PARENT_C

    CONST_INT    desplazar e ir al estado 20
    CONST_FLOAT  desplazar e ir al estado 21
    ID_T         desplazar e ir al estado 23
    PARENT_A     desplazar e ir al estado 24
    '-'          desplazar e ir al estado 25

    numero   ir al estado 27
    cond     ir al estado 103
    expr     ir al estado 43
    termino  ir al estado 29
    factor   ir al estado 30


estado 88

   33 cond_final: PARENT_A cond AND_T $@3 . cond PARENT_C

    CONST_INT    desplazar e ir al estado 20
    CONST_FLOAT  desplazar e ir al estado 21
    ID_T         desplazar e ir al estado 23
    PARENT_A     desplazar e ir al estado 24
    '-'          desplazar e ir al estado 25

    numero   ir al estado 27
    cond     ir al estado 104
    expr     ir al estado 43
    termino  ir al estado 29
    factor   ir al estado 30


estado 89

   39 cond: expr OP_DISTINTO termino .
   51 termino: termino . OP_MUL factor
   52        | termino . OP_DIVISION factor

    OP_DIVISION  desplazar e ir al estado 50
    OP_MUL       desplazar e ir al estado 51

    $default  reduce usando la regla 39 (cond)


estado 90

   40 cond: expr OP_IGUAL termino .
   51 termino: termino . OP_MUL factor
   52        | termino . OP_DIVISION factor

    OP_DIVISION  desplazar e ir al estado 50
    OP_MUL       desplazar e ir al estado 51

    $default  reduce usando la regla 40 (cond)


estado 91

   42 cond: expr OP_MAYORIGUAL termino .
   51 termino: termino . OP_MUL factor
   52        | termino . OP_DIVISION factor

    OP_DIVISION  desplazar e ir al estado 50
    OP_MUL       desplazar e ir al estado 51

    $default  reduce usando la regla 42 (cond)


estado 92

   41 cond: expr OP_MAYOR termino .
   51 termino: termino . OP_MUL factor
   52        | termino . OP_DIVISION factor

    OP_DIVISION  desplazar e ir al estado 50
    OP_MUL       desplazar e ir al estado 51

    $default  reduce usando la regla 41 (cond)


estado 93

   43 cond: expr OP_MENOR termino .
   51 termino: termino . OP_MUL factor
   52        | termino . OP_DIVISION factor

    OP_DIVISION  desplazar e ir al estado 50
    OP_MUL       desplazar e ir al estado 51

    $default  reduce usando la regla 43 (cond)


estado 94

   44 cond: expr OP_MENORIGUAL termino .
   51 termino: termino . OP_MUL factor
   52        | termino . OP_DIVISION factor

    OP_DIVISION  desplazar e ir al estado 50
    OP_MUL       desplazar e ir al estado 51

    $default  reduce usando la regla 44 (cond)


estado 95

   45 cond: expr OR_T termino .
   51 termino: termino . OP_MUL factor
   52        | termino . OP_DIVISION factor

    OP_DIVISION  desplazar e ir al estado 50
    OP_MUL       desplazar e ir al estado 51

    $default  reduce usando la regla 45 (cond)


estado 96

   46 cond: expr AND_T termino .
   51 termino: termino . OP_MUL factor
   52        | termino . OP_DIVISION factor

    OP_DIVISION  desplazar e ir al estado 50
    OP_MUL       desplazar e ir al estado 51

    $default  reduce usando la regla 46 (cond)


estado 97

   47 cond: expr NOT_T termino .
   51 termino: termino . OP_MUL factor
   52        | termino . OP_DIVISION factor

    OP_DIVISION  desplazar e ir al estado 50
    OP_MUL       desplazar e ir al estado 51

    $default  reduce usando la regla 47 (cond)


estado 98

    9 sentenciaCuerpo: sentenciaCuerpo grammar SEP_LINEA .

    $default  reduce usando la regla 9 (sentenciaCuerpo)


estado 99

   24 if: IF_T cond_final sentenciaCuerpo $@1 ELSE_T . sentenciaCuerpo ENDIF $@2

    WHILE_T  desplazar e ir al estado 1
    DISPLAY  desplazar e ir al estado 2
    GET      desplazar e ir al estado 3
    IF_T     desplazar e ir al estado 4
    ID_T     desplazar e ir al estado 6

    sentenciaCuerpo  ir al estado 105
    grammar          ir al estado 45
    asig             ir al estado 11
    while            ir al estado 12
    if               ir al estado 13
    display          ir al estado 14
    get              ir al estado 15


estado 100

   60 dupla_asig: ID_T OP_MAYOR AS . OP_MENOR tipo

    OP_MENOR  desplazar e ir al estado 106


estado 101

   59 dupla_asig: ID_T COMA dupla_asig . COMA tipo

    COMA  desplazar e ir al estado 107


estado 102

   31 cond_final: PARENT_A cond_final AND_T cond_final PARENT_C .

    $default  reduce usando la regla 31 (cond_final)


estado 103

   35 cond_final: PARENT_A cond OR_T $@4 cond . PARENT_C

    PARENT_C  desplazar e ir al estado 108


estado 104

   33 cond_final: PARENT_A cond AND_T $@3 cond . PARENT_C

    PARENT_C  desplazar e ir al estado 109


estado 105

    9 sentenciaCuerpo: sentenciaCuerpo . grammar SEP_LINEA
   11                | sentenciaCuerpo . grammar
   24 if: IF_T cond_final sentenciaCuerpo $@1 ELSE_T sentenciaCuerpo . ENDIF $@2

    WHILE_T  desplazar e ir al estado 1
    DISPLAY  desplazar e ir al estado 2
    GET      desplazar e ir al estado 3
    IF_T     desplazar e ir al estado 4
    ENDIF    desplazar e ir al estado 110
    ID_T     desplazar e ir al estado 6

    grammar  ir al estado 74
    asig     ir al estado 11
    while    ir al estado 12
    if       ir al estado 13
    display  ir al estado 14
    get      ir al estado 15


estado 106

   60 dupla_asig: ID_T OP_MAYOR AS OP_MENOR . tipo

    FLOAT_T  desplazar e ir al estado 111
    INT_T    desplazar e ir al estado 112
    CHAR     desplazar e ir al estado 113
    STRING   desplazar e ir al estado 114

    tipo  ir al estado 115


estado 107

   59 dupla_asig: ID_T COMA dupla_asig COMA . tipo

    FLOAT_T  desplazar e ir al estado 111
    INT_T    desplazar e ir al estado 112
    CHAR     desplazar e ir al estado 113
    STRING   desplazar e ir al estado 114

    tipo  ir al estado 116


estado 108

   35 cond_final: PARENT_A cond OR_T $@4 cond PARENT_C .

    $default  reduce usando la regla 35 (cond_final)


estado 109

   33 cond_final: PARENT_A cond AND_T $@3 cond PARENT_C .

    $default  reduce usando la regla 33 (cond_final)


estado 110

   24 if: IF_T cond_final sentenciaCuerpo $@1 ELSE_T sentenciaCuerpo ENDIF . $@2

    $default  reduce usando la regla 23 ($@2)

    $@2  ir al estado 117


estado 111

   61 tipo: FLOAT_T .

    $default  reduce usando la regla 61 (tipo)


estado 112

   62 tipo: INT_T .

    $default  reduce usando la regla 62 (tipo)


estado 113

   64 tipo: CHAR .

    $default  reduce usando la regla 64 (tipo)


estado 114

   63 tipo: STRING .

    $default  reduce usando la regla 63 (tipo)


estado 115

   60 dupla_asig: ID_T OP_MAYOR AS OP_MENOR tipo .

    $default  reduce usando la regla 60 (dupla_asig)


estado 116

   59 dupla_asig: ID_T COMA dupla_asig COMA tipo .

    $default  reduce usando la regla 59 (dupla_asig)


estado 117

   24 if: IF_T cond_final sentenciaCuerpo $@1 ELSE_T sentenciaCuerpo ENDIF $@2 .

    $default  reduce usando la regla 24 (if)
